<?xml version="1.0" encoding="UTF-8"?>
<!-- Generated by org.testng.reporters.JUnitReportReporter -->
<testsuite skipped="0" hostname="DESKTOP-ILMNV9M" name="OrderManagement.OMxiangqingTest" tests="2" failures="0" timestamp="12 十二月 2017 03:43:32 GMT" time="28.186" errors="0">
  <testcase name="xq" time="16.472" classname="OrderManagement.OMxiangqingTest"/>
  <testcase name="testBackLogin" time="11.714" classname="OrderManagement.OMxiangqingTest"/>
</testsuite> <!-- OrderManagement.OMxiangqingTest -->
