<?xml version="1.0" encoding="UTF-8"?>
<!-- Generated by org.testng.reporters.JUnitReportReporter -->
<testsuite skipped="0" hostname="DESKTOP-ILMNV9M" name="UserManagement.UMaddyuangongTest" tests="2" failures="0" timestamp="12 十二月 2017 03:43:32 GMT" time="223.408" errors="0">
  <testcase name="addY" time="211.901" classname="UserManagement.UMaddyuangongTest"/>
  <testcase name="testBackLogin" time="11.507" classname="UserManagement.UMaddyuangongTest"/>
</testsuite> <!-- UserManagement.UMaddyuangongTest -->
