<?xml version="1.0" encoding="UTF-8"?>
<!-- Generated by org.testng.reporters.JUnitReportReporter -->
<testsuite skipped="0" hostname="DESKTOP-ILMNV9M" name="UserManagement.UMygrepasswordTest" tests="2" failures="0" timestamp="12 十二月 2017 07:13:34 GMT" time="101.537" errors="0">
  <testcase name="re" time="90.034" classname="UserManagement.UMygrepasswordTest"/>
  <testcase name="testBackLogin" time="11.503" classname="UserManagement.UMygrepasswordTest"/>
</testsuite> <!-- UserManagement.UMygrepasswordTest -->
