<?xml version="1.0" encoding="UTF-8"?>
<!-- Generated by org.testng.reporters.JUnitReportReporter -->
<testsuite skipped="0" hostname="DESKTOP-ILMNV9M" name="UserManagement.UMygrepasswordTest" tests="2" failures="0" timestamp="12 十二月 2017 03:43:32 GMT" time="101.014" errors="0">
  <testcase name="testBackLogin" time="11.347" classname="UserManagement.UMygrepasswordTest"/>
  <testcase name="re" time="89.667" classname="UserManagement.UMygrepasswordTest"/>
</testsuite> <!-- UserManagement.UMygrepasswordTest -->
