<?xml version="1.0" encoding="UTF-8"?>
<!-- Generated by org.testng.reporters.JUnitReportReporter -->
<testsuite skipped="0" hostname="DESKTOP-ILMNV9M" name="UserManagement.UMygchakanzuTest" tests="2" failures="0" timestamp="12 十二月 2017 03:43:32 GMT" time="35.160" errors="0">
  <testcase name="testBackLogin" time="11.374" classname="UserManagement.UMygchakanzuTest"/>
  <testcase name="ckz" time="23.786" classname="UserManagement.UMygchakanzuTest"/>
</testsuite> <!-- UserManagement.UMygchakanzuTest -->
