<?xml version="1.0" encoding="UTF-8"?>
<!-- Generated by org.testng.reporters.JUnitReportReporter -->
<testsuite skipped="0" hostname="DESKTOP-ILMNV9M" name="UserManagement.UMygbianjiTest" tests="2" failures="0" timestamp="12 十二月 2017 07:13:34 GMT" time="34.380" errors="0">
  <testcase name="bj" time="22.747" classname="UserManagement.UMygbianjiTest"/>
  <testcase name="testBackLogin" time="11.633" classname="UserManagement.UMygbianjiTest"/>
</testsuite> <!-- UserManagement.UMygbianjiTest -->
