<?xml version="1.0" encoding="UTF-8"?>
<!-- Generated by org.testng.reporters.JUnitReportReporter -->
<testsuite skipped="0" hostname="DESKTOP-ILMNV9M" name="UserManagement.UMhyxiugaiTest" tests="2" failures="0" timestamp="12 十二月 2017 03:43:32 GMT" time="34.059" errors="0">
  <testcase name="testBackLogin" time="11.458" classname="UserManagement.UMhyxiugaiTest"/>
  <testcase name="xg" time="22.601" classname="UserManagement.UMhyxiugaiTest"/>
</testsuite> <!-- UserManagement.UMhyxiugaiTest -->
