<?xml version="1.0" encoding="UTF-8"?>
<!-- Generated by org.testng.reporters.JUnitReportReporter -->
<testsuite skipped="0" hostname="DESKTOP-ILMNV9M" name="UserManagement.UMaddyuangongTest" tests="2" failures="0" timestamp="12 十二月 2017 07:13:34 GMT" time="223.069" errors="0">
  <testcase name="addY" time="211.693" classname="UserManagement.UMaddyuangongTest"/>
  <testcase name="testBackLogin" time="11.376" classname="UserManagement.UMaddyuangongTest"/>
</testsuite> <!-- UserManagement.UMaddyuangongTest -->
