<?xml version="1.0" encoding="UTF-8"?>
<!-- Generated by org.testng.reporters.JUnitReportReporter -->
<testsuite skipped="0" hostname="DESKTOP-ILMNV9M" name="UserManagement.UMygsearchTest" tests="2" failures="0" timestamp="12 十二月 2017 03:43:32 GMT" time="71.905" errors="0">
  <testcase name="testBackLogin" time="11.525" classname="UserManagement.UMygsearchTest"/>
  <testcase name="sear" time="60.380" classname="UserManagement.UMygsearchTest"/>
</testsuite> <!-- UserManagement.UMygsearchTest -->
