<?xml version="1.0" encoding="UTF-8"?>
<!-- Generated by org.testng.reporters.JUnitReportReporter -->
<testsuite skipped="0" hostname="DESKTOP-ILMNV9M" name="Other.SendEmail" tests="1" failures="0" timestamp="13 十二月 2017 03:41:43 GMT" time="11.798" errors="0">
  <testcase name="send" time="11.798" classname="Other.SendEmail"/>
</testsuite> <!-- Other.SendEmail -->
