<?xml version="1.0" encoding="UTF-8"?>
<!-- Generated by org.testng.reporters.JUnitReportReporter -->
<testsuite skipped="0" hostname="DESKTOP-ILMNV9M" name="OrderManagement.OMxiugaiTest" tests="2" failures="0" timestamp="12 十二月 2017 07:13:34 GMT" time="299.482" errors="0">
  <testcase name="xg" time="288.010" classname="OrderManagement.OMxiugaiTest"/>
  <testcase name="testBackLogin" time="11.472" classname="OrderManagement.OMxiugaiTest"/>
</testsuite> <!-- OrderManagement.OMxiugaiTest -->
