<?xml version="1.0" encoding="UTF-8"?>
<!-- Generated by org.testng.reporters.JUnitReportReporter -->
<testsuite skipped="0" hostname="DESKTOP-ILMNV9M" name="OrderManagement.OMxiugaiTest" tests="2" failures="0" timestamp="12 十二月 2017 03:43:32 GMT" time="300.482" errors="0">
  <testcase name="testBackLogin" time="11.360" classname="OrderManagement.OMxiugaiTest"/>
  <testcase name="xg" time="289.122" classname="OrderManagement.OMxiugaiTest"/>
</testsuite> <!-- OrderManagement.OMxiugaiTest -->
