<?xml version="1.0" encoding="UTF-8"?>
<!-- Generated by org.testng.reporters.JUnitReportReporter -->
<testsuite skipped="0" hostname="DESKTOP-ILMNV9M" name="GoodsManagement.GMaddgoodsTest" tests="2" failures="0" timestamp="12 十二月 2017 03:43:32 GMT" time="60.937" errors="0">
  <testcase name="addg" time="49.452" classname="GoodsManagement.GMaddgoodsTest"/>
  <testcase name="testBackLogin" time="11.485" classname="GoodsManagement.GMaddgoodsTest"/>
</testsuite> <!-- GoodsManagement.GMaddgoodsTest -->
