<?xml version="1.0" encoding="UTF-8"?>
<!-- Generated by org.testng.reporters.JUnitReportReporter -->
<testsuite skipped="0" hostname="DESKTOP-ILMNV9M" name="OrderManagement.OMxiangqingTest" tests="2" failures="0" timestamp="12 十二月 2017 07:13:34 GMT" time="27.783" errors="0">
  <testcase name="testBackLogin" time="11.562" classname="OrderManagement.OMxiangqingTest"/>
  <testcase name="xq" time="16.221" classname="OrderManagement.OMxiangqingTest"/>
</testsuite> <!-- OrderManagement.OMxiangqingTest -->
