<?xml version="1.0" encoding="UTF-8"?>
<!-- Generated by org.testng.reporters.JUnitReportReporter -->
<testsuite skipped="0" hostname="DESKTOP-ILMNV9M" name="UserManagement.UMaddhuiyuanTest" tests="2" failures="0" timestamp="12 十二月 2017 07:13:34 GMT" time="310.430" errors="0">
  <testcase name="testBackLogin" time="11.639" classname="UserManagement.UMaddhuiyuanTest"/>
  <testcase name="userH" time="298.791" classname="UserManagement.UMaddhuiyuanTest"/>
</testsuite> <!-- UserManagement.UMaddhuiyuanTest -->
