<?xml version="1.0" encoding="UTF-8"?>
<!-- Generated by org.testng.reporters.JUnitReportReporter -->
<testsuite skipped="0" hostname="DESKTOP-ILMNV9M" name="CommentManagement.CMhuifuTest" tests="2" failures="0" timestamp="12 十二月 2017 09:13:00 GMT" time="38.866" errors="0">
  <testcase name="testBackLogin" time="12.267" classname="CommentManagement.CMhuifuTest"/>
  <testcase name="hf" time="26.599" classname="CommentManagement.CMhuifuTest"/>
</testsuite> <!-- CommentManagement.CMhuifuTest -->
