<?xml version="1.0" encoding="UTF-8"?>
<!-- Generated by org.testng.reporters.JUnitReportReporter -->
<testsuite skipped="0" hostname="DESKTOP-ILMNV9M" name="Other.SendEmail" tests="1" failures="0" timestamp="12 十二月 2017 03:43:45 GMT" time="10.808" errors="0">
  <testcase name="send" time="10.808" classname="Other.SendEmail"/>
</testsuite> <!-- Other.SendEmail -->
