<?xml version="1.0" encoding="UTF-8"?>
<!-- Generated by org.testng.reporters.JUnitReportReporter -->
<testsuite skipped="0" hostname="DESKTOP-ILMNV9M" name="UserManagement.UMygsearchTest" tests="2" failures="0" timestamp="12 十二月 2017 07:13:34 GMT" time="71.943" errors="0">
  <testcase name="testBackLogin" time="11.707" classname="UserManagement.UMygsearchTest"/>
  <testcase name="sear" time="60.236" classname="UserManagement.UMygsearchTest"/>
</testsuite> <!-- UserManagement.UMygsearchTest -->
