<?xml version="1.0" encoding="UTF-8"?>
<!-- Generated by org.testng.reporters.JUnitReportReporter -->
<testsuite skipped="0" hostname="DESKTOP-ILMNV9M" name="CommentManagement.CMhuifuTest" tests="2" failures="0" timestamp="12 十二月 2017 03:43:32 GMT" time="37.335" errors="0">
  <testcase name="hf" time="25.700" classname="CommentManagement.CMhuifuTest"/>
  <testcase name="testBackLogin" time="11.635" classname="CommentManagement.CMhuifuTest"/>
</testsuite> <!-- CommentManagement.CMhuifuTest -->
