<?xml version="1.0" encoding="UTF-8"?>
<!-- Generated by org.testng.reporters.JUnitReportReporter -->
<testsuite skipped="0" hostname="DESKTOP-ILMNV9M" name="Xueli.Other" tests="1" failures="0" timestamp="21 十一月 2017 08:06:53 GMT" time="13.630" errors="0">
  <testcase name="testBackLogin" time="13.630" classname="Xueli.Other"/>
</testsuite> <!-- Xueli.Other -->
