<?xml version="1.0" encoding="UTF-8"?>
<!-- Generated by org.testng.reporters.JUnitReportReporter -->
<testsuite skipped="0" hostname="DESKTOP-ILMNV9M" name="UserManagement.LoginTest" tests="1" failures="0" timestamp="02 十二月 2017 02:57:44 GMT" time="20.754" errors="0">
  <testcase name="testBackLogin" time="20.754" classname="UserManagement.LoginTest"/>
</testsuite> <!-- UserManagement.LoginTest -->
