<?xml version="1.0" encoding="UTF-8"?>
<!-- Generated by org.testng.reporters.JUnitReportReporter -->
<testsuite skipped="0" hostname="DESKTOP-ILMNV9M" name="CommentManagement.CMhuifuTest" tests="2" failures="0" timestamp="13 十二月 2017 01:49:03 GMT" time="39.570" errors="0">
  <testcase name="testBackLogin" time="12.201" classname="CommentManagement.CMhuifuTest"/>
  <testcase name="hf" time="27.369" classname="CommentManagement.CMhuifuTest"/>
</testsuite> <!-- CommentManagement.CMhuifuTest -->
