<?xml version="1.0" encoding="UTF-8"?>
<!-- Generated by org.testng.reporters.JUnitReportReporter -->
<testsuite skipped="0" hostname="DESKTOP-ILMNV9M" name="Jingdongback.UMygdelTest" tests="2" failures="0" timestamp="28 十一月 2017 07:09:34 GMT" time="32.599" errors="0">
  <testcase name="testBackLogin" time="11.785" classname="Jingdongback.UMygdelTest"/>
  <testcase name="del" time="20.814" classname="Jingdongback.UMygdelTest"/>
</testsuite> <!-- Jingdongback.UMygdelTest -->
