<?xml version="1.0" encoding="UTF-8"?>
<!-- Generated by org.testng.reporters.JUnitReportReporter -->
<testsuite skipped="0" hostname="DESKTOP-ILMNV9M" name="OrderManagement.OMxiugaiTest" tests="18" failures="0" timestamp="13 十二月 2017 03:41:28 GMT" time="299.816" errors="0">
  <testcase name="xg2" time="16.885" classname="OrderManagement.OMxiugaiTest"/>
  <testcase name="xg5" time="16.987" classname="OrderManagement.OMxiugaiTest"/>
  <testcase name="xg11" time="16.773" classname="OrderManagement.OMxiugaiTest"/>
  <testcase name="xg6" time="16.952" classname="OrderManagement.OMxiugaiTest"/>
  <testcase name="xg17" time="16.956" classname="OrderManagement.OMxiugaiTest"/>
  <testcase name="xg16" time="17.342" classname="OrderManagement.OMxiugaiTest"/>
  <testcase name="xg9" time="16.905" classname="OrderManagement.OMxiugaiTest"/>
  <testcase name="xg13" time="16.928" classname="OrderManagement.OMxiugaiTest"/>
  <testcase name="testBackLogin" time="11.802" classname="OrderManagement.OMxiugaiTest"/>
  <testcase name="xg3" time="16.956" classname="OrderManagement.OMxiugaiTest"/>
  <testcase name="xg14" time="16.815" classname="OrderManagement.OMxiugaiTest"/>
  <testcase name="xg4" time="16.823" classname="OrderManagement.OMxiugaiTest"/>
  <testcase name="xg8" time="16.785" classname="OrderManagement.OMxiugaiTest"/>
  <testcase name="xg10" time="16.826" classname="OrderManagement.OMxiugaiTest"/>
  <testcase name="xg7" time="16.893" classname="OrderManagement.OMxiugaiTest"/>
  <testcase name="xg15" time="17.065" classname="OrderManagement.OMxiugaiTest"/>
  <testcase name="xg12" time="17.101" classname="OrderManagement.OMxiugaiTest"/>
  <testcase name="xg1" time="17.022" classname="OrderManagement.OMxiugaiTest"/>
</testsuite> <!-- OrderManagement.OMxiugaiTest -->
