<?xml version="1.0" encoding="UTF-8"?>
<!-- Generated by org.testng.reporters.JUnitReportReporter -->
<testsuite skipped="0" hostname="DESKTOP-ILMNV9M" name="UserManagement.UMaddyuangongTest" tests="9" failures="0" timestamp="13 十二月 2017 03:41:28 GMT" time="222.509" errors="0">
  <testcase name="addY4" time="26.413" classname="UserManagement.UMaddyuangongTest"/>
  <testcase name="addY6" time="26.448" classname="UserManagement.UMaddyuangongTest"/>
  <testcase name="testBackLogin" time="11.650" classname="UserManagement.UMaddyuangongTest"/>
  <testcase name="addY3" time="26.380" classname="UserManagement.UMaddyuangongTest"/>
  <testcase name="addY7" time="26.056" classname="UserManagement.UMaddyuangongTest"/>
  <testcase name="addY2" time="26.460" classname="UserManagement.UMaddyuangongTest"/>
  <testcase name="addY8" time="26.101" classname="UserManagement.UMaddyuangongTest"/>
  <testcase name="addY1" time="26.555" classname="UserManagement.UMaddyuangongTest"/>
  <testcase name="addY5" time="26.446" classname="UserManagement.UMaddyuangongTest"/>
</testsuite> <!-- UserManagement.UMaddyuangongTest -->
