<?xml version="1.0" encoding="UTF-8"?>
<!-- Generated by org.testng.reporters.JUnitReportReporter -->
<testsuite skipped="0" hostname="DESKTOP-ILMNV9M" name="Jingdongback.UMsearchTest" tests="2" failures="0" timestamp="28 十一月 2017 02:32:55 GMT" time="71.929" errors="0">
  <testcase name="testBackLogin" time="11.799" classname="Jingdongback.UMsearchTest"/>
  <testcase name="sear" time="60.130" classname="Jingdongback.UMsearchTest"/>
</testsuite> <!-- Jingdongback.UMsearchTest -->
