<?xml version="1.0" encoding="UTF-8"?>
<!-- Generated by org.testng.reporters.JUnitReportReporter -->
<testsuite skipped="0" hostname="DESKTOP-ILMNV9M" name="CommentManagement.CMhuifuTest" tests="2" failures="0" timestamp="13 十二月 2017 03:41:28 GMT" time="37.403" errors="0">
  <testcase name="testBackLogin" time="11.858" classname="CommentManagement.CMhuifuTest"/>
  <testcase name="hf" time="25.545" classname="CommentManagement.CMhuifuTest"/>
</testsuite> <!-- CommentManagement.CMhuifuTest -->
