<?xml version="1.0" encoding="UTF-8"?>
<!-- Generated by org.testng.reporters.JUnitReportReporter -->
<testsuite skipped="0" hostname="DESKTOP-ILMNV9M" name="UserManagement.UMygrepasswordTest" tests="5" failures="0" timestamp="13 十二月 2017 03:41:28 GMT" time="100.949" errors="0">
  <testcase name="testBackLogin" time="11.728" classname="UserManagement.UMygrepasswordTest"/>
  <testcase name="re2" time="22.328" classname="UserManagement.UMygrepasswordTest"/>
  <testcase name="re3" time="22.282" classname="UserManagement.UMygrepasswordTest"/>
  <testcase name="re1" time="22.310" classname="UserManagement.UMygrepasswordTest"/>
  <testcase name="re4" time="22.301" classname="UserManagement.UMygrepasswordTest"/>
</testsuite> <!-- UserManagement.UMygrepasswordTest -->
