<?xml version="1.0" encoding="UTF-8"?>
<!-- Generated by org.testng.reporters.JUnitReportReporter -->
<testsuite skipped="0" hostname="DESKTOP-ILMNV9M" name="GoodsManagement.GMaddgoodsTest" tests="2" failures="0" timestamp="13 十二月 2017 03:41:28 GMT" time="60.496" errors="0">
  <testcase name="addg" time="48.737" classname="GoodsManagement.GMaddgoodsTest"/>
  <testcase name="testBackLogin" time="11.759" classname="GoodsManagement.GMaddgoodsTest"/>
</testsuite> <!-- GoodsManagement.GMaddgoodsTest -->
