<?xml version="1.0" encoding="UTF-8"?>
<!-- Generated by org.testng.reporters.JUnitReportReporter -->
<testsuite skipped="0" hostname="DESKTOP-ILMNV9M" name="Jingdongback.UMbianjiTest" tests="2" failures="0" timestamp="28 十一月 2017 02:38:21 GMT" time="27.634" errors="0">
  <testcase name="bj" time="15.873" classname="Jingdongback.UMbianjiTest"/>
  <testcase name="testBackLogin" time="11.761" classname="Jingdongback.UMbianjiTest"/>
</testsuite> <!-- Jingdongback.UMbianjiTest -->
