<?xml version="1.0" encoding="UTF-8"?>
<!-- Generated by org.testng.reporters.JUnitReportReporter -->
<testsuite skipped="0" hostname="DESKTOP-ILMNV9M" name="Jingdongback.UMrepasswordTest" tests="2" failures="0" timestamp="28 十一月 2017 03:17:10 GMT" time="27.577" errors="0">
  <testcase name="re" time="15.720" classname="Jingdongback.UMrepasswordTest"/>
  <testcase name="testBackLogin" time="11.857" classname="Jingdongback.UMrepasswordTest"/>
</testsuite> <!-- Jingdongback.UMrepasswordTest -->
