<?xml version="1.0" encoding="UTF-8"?>
<!-- Generated by org.testng.reporters.JUnitReportReporter -->
<testsuite skipped="0" hostname="DESKTOP-ILMNV9M" name="UserManagement.UMygbianjiTest" tests="2" failures="0" timestamp="13 十二月 2017 03:41:28 GMT" time="34.467" errors="0">
  <testcase name="bj" time="22.662" classname="UserManagement.UMygbianjiTest"/>
  <testcase name="testBackLogin" time="11.805" classname="UserManagement.UMygbianjiTest"/>
</testsuite> <!-- UserManagement.UMygbianjiTest -->
