<?xml version="1.0" encoding="UTF-8"?>
<!-- Generated by org.testng.reporters.JUnitReportReporter -->
<testsuite skipped="0" hostname="DESKTOP-ILMNV9M" name="CommentManagement.CMhuifuTest" tests="2" failures="0" timestamp="12 十二月 2017 03:09:34 GMT" time="38.590" errors="0">
  <testcase name="hf" time="26.373" classname="CommentManagement.CMhuifuTest"/>
  <testcase name="testBackLogin" time="12.217" classname="CommentManagement.CMhuifuTest"/>
</testsuite> <!-- CommentManagement.CMhuifuTest -->
