<?xml version="1.0" encoding="UTF-8"?>
<!-- Generated by org.testng.reporters.JUnitReportReporter -->
<testsuite skipped="0" hostname="DESKTOP-ILMNV9M" name="UserManagement.UMhyxiugaiTest" tests="2" failures="0" timestamp="28 十一月 2017 07:51:47 GMT" time="34.192" errors="0">
  <testcase name="testBackLogin" time="11.616" classname="UserManagement.UMhyxiugaiTest"/>
  <testcase name="xg" time="22.576" classname="UserManagement.UMhyxiugaiTest"/>
</testsuite> <!-- UserManagement.UMhyxiugaiTest -->
