<?xml version="1.0" encoding="UTF-8"?>
<!-- Generated by org.testng.reporters.JUnitReportReporter -->
<testsuite skipped="0" hostname="DESKTOP-ILMNV9M" name="Jingdongback.UMygbianjiTest" tests="2" failures="0" timestamp="28 十一月 2017 06:51:46 GMT" time="34.512" errors="0">
  <testcase name="bj" time="22.727" classname="Jingdongback.UMygbianjiTest"/>
  <testcase name="testBackLogin" time="11.785" classname="Jingdongback.UMygbianjiTest"/>
</testsuite> <!-- Jingdongback.UMygbianjiTest -->
