<?xml version="1.0" encoding="UTF-8"?>
<!-- Generated by org.testng.reporters.JUnitReportReporter -->
<testsuite skipped="0" hostname="DESKTOP-ILMNV9M" name="OrderManagement.OMxiugaiTest" tests="2" failures="0" timestamp="29 十一月 2017 01:19:11 GMT" time="300.130" errors="0">
  <testcase name="testBackLogin" time="11.670" classname="OrderManagement.OMxiugaiTest"/>
  <testcase name="xg" time="288.460" classname="OrderManagement.OMxiugaiTest"/>
</testsuite> <!-- OrderManagement.OMxiugaiTest -->
