<?xml version="1.0" encoding="UTF-8"?>
<!-- Generated by org.testng.reporters.JUnitReportReporter -->
<testsuite skipped="0" hostname="DESKTOP-ILMNV9M" name="GoodsManagement.GMaddgoodsTest" tests="2" failures="0" timestamp="05 十二月 2017 13:21:08 GMT" time="67.712" errors="0">
  <testcase name="testBackLogin" time="11.703" classname="GoodsManagement.GMaddgoodsTest"/>
  <testcase name="addg" time="56.009" classname="GoodsManagement.GMaddgoodsTest"/>
</testsuite> <!-- GoodsManagement.GMaddgoodsTest -->
