<?xml version="1.0" encoding="UTF-8"?>
<!-- Generated by org.testng.reporters.JUnitReportReporter -->
<testsuite skipped="0" hostname="DESKTOP-ILMNV9M" name="CommentManagement.CMhuifuTest" tests="2" failures="0" timestamp="30 十一月 2017 09:09:03 GMT" time="37.594" errors="0">
  <testcase name="hf" time="25.644" classname="CommentManagement.CMhuifuTest"/>
  <testcase name="testBackLogin" time="11.950" classname="CommentManagement.CMhuifuTest"/>
</testsuite> <!-- CommentManagement.CMhuifuTest -->
