<?xml version="1.0" encoding="UTF-8"?>
<!-- Generated by org.testng.reporters.JUnitReportReporter -->
<testsuite skipped="0" hostname="DESKTOP-ILMNV9M" name="UserManagement.UMhyxiugaiTest" tests="2" failures="0" timestamp="13 十二月 2017 03:41:28 GMT" time="34.451" errors="0">
  <testcase name="testBackLogin" time="11.735" classname="UserManagement.UMhyxiugaiTest"/>
  <testcase name="xg" time="22.716" classname="UserManagement.UMhyxiugaiTest"/>
</testsuite> <!-- UserManagement.UMhyxiugaiTest -->
