<?xml version="1.0" encoding="UTF-8"?>
<!-- Generated by org.testng.reporters.JUnitReportReporter -->
<testsuite skipped="0" hostname="DESKTOP-ILMNV9M" name="UserManagement.UMaddyuangongTest" tests="2" failures="0" timestamp="28 十一月 2017 09:07:14 GMT" time="223.971" errors="0">
  <testcase name="testBackLogin" time="11.569" classname="UserManagement.UMaddyuangongTest"/>
  <testcase name="addY" time="212.402" classname="UserManagement.UMaddyuangongTest"/>
</testsuite> <!-- UserManagement.UMaddyuangongTest -->
