<?xml version="1.0" encoding="UTF-8"?>
<!-- Generated by org.testng.reporters.JUnitReportReporter -->
<testsuite skipped="0" hostname="DESKTOP-ILMNV9M" name="Xueli.UserManagementTest" tests="2" failures="0" timestamp="22 十一月 2017 02:21:50 GMT" time="37.262" errors="0">
  <testcase name="testBackLogin" time="13.857" classname="Xueli.UserManagementTest"/>
  <testcase name="userM" time="23.405" classname="Xueli.UserManagementTest"/>
</testsuite> <!-- Xueli.UserManagementTest -->
