<?xml version="1.0" encoding="UTF-8"?>
<!-- Generated by org.testng.reporters.JUnitReportReporter -->
<testsuite skipped="0" hostname="DESKTOP-ILMNV9M" name="UserManagement.UMygsearchTest" tests="5" failures="0" timestamp="13 十二月 2017 03:41:28 GMT" time="71.422" errors="0">
  <testcase name="sear2" time="16.423" classname="UserManagement.UMygsearchTest"/>
  <testcase name="sear3" time="13.482" classname="UserManagement.UMygsearchTest"/>
  <testcase name="sear1" time="16.507" classname="UserManagement.UMygsearchTest"/>
  <testcase name="sear4" time="13.366" classname="UserManagement.UMygsearchTest"/>
  <testcase name="testBackLogin" time="11.644" classname="UserManagement.UMygsearchTest"/>
</testsuite> <!-- UserManagement.UMygsearchTest -->
