<?xml version="1.0" encoding="UTF-8"?>
<!-- Generated by org.testng.reporters.JUnitReportReporter -->
<testsuite skipped="0" hostname="DESKTOP-ILMNV9M" name="UserManagement.UMaddhuiyuanTest" tests="2" failures="0" timestamp="13 十二月 2017 03:41:28 GMT" time="310.496" errors="0">
  <testcase name="testBackLogin" time="11.628" classname="UserManagement.UMaddhuiyuanTest"/>
  <testcase name="userH" time="298.868" classname="UserManagement.UMaddhuiyuanTest"/>
</testsuite> <!-- UserManagement.UMaddhuiyuanTest -->
