<?xml version="1.0" encoding="UTF-8"?>
<!-- Generated by org.testng.reporters.JUnitReportReporter -->
<testsuite skipped="0" hostname="DESKTOP-ILMNV9M" name="UserManagement.UMygdelTest" tests="2" failures="0" timestamp="28 十一月 2017 08:55:35 GMT" time="49.242" errors="0">
  <testcase name="testBackLogin" time="11.835" classname="UserManagement.UMygdelTest"/>
  <testcase name="del" time="37.407" classname="UserManagement.UMygdelTest"/>
</testsuite> <!-- UserManagement.UMygdelTest -->
