<?xml version="1.0" encoding="UTF-8"?>
<!-- Generated by org.testng.reporters.JUnitReportReporter -->
<testsuite skipped="0" hostname="DESKTOP-ILMNV9M" name="GoodsManagement.GMaddgoodsTest" tests="2" failures="0" timestamp="08 十二月 2017 02:38:26 GMT" time="59.995" errors="0">
  <testcase name="testBackLogin" time="11.413" classname="GoodsManagement.GMaddgoodsTest"/>
  <testcase name="addg" time="48.582" classname="GoodsManagement.GMaddgoodsTest"/>
</testsuite> <!-- GoodsManagement.GMaddgoodsTest -->
